app/build/outputs/logs/manifest-merger-debug-report.txt
-- Merging decision tree log ---
manifest
ADDED from AndroidManifest.xml:2:1
	package
		ADDED from AndroidManifest.xml:3:5
		INJECTED from AndroidManifest.xml:0:0
		INJECTED from AndroidManifest.xml:0:0
	android:versionName
		INJECTED from AndroidManifest.xml:0:0
		INJECTED from AndroidManifest.xml:0:0
	xmlns:android
		ADDED from AndroidManifest.xml:2:11
	android:versionCode
		INJECTED from AndroidManifest.xml:0:0
		INJECTED from AndroidManifest.xml:0:0
uses-permission#android.permission.INTERNET
ADDED from AndroidManifest.xml:5:5
MERGED from com.github.asne:asne-facebook:0.3.3:12:5
MERGED from com.github.asne:asne-core:0.3.3:13:5
MERGED from com.github.asne:asne-linkedin:0.3.3:12:5
MERGED from com.github.asne:asne-core:0.3.3:13:5
MERGED from com.github.asne:asne-twitter:0.3.3:12:5
MERGED from com.github.asne:asne-core:0.3.3:13:5
MERGED from com.github.asne:asne-googleplus:0.3.3:12:5
MERGED from com.github.asne:asne-core:0.3.3:13:5
	android:name
		ADDED from AndroidManifest.xml:5:22
uses-permission#android.permission.ACCESS_NETWORK_STATE
ADDED from AndroidManifest.xml:6:5
	android:name
		ADDED from AndroidManifest.xml:6:22
uses-permission#android.permission.GET_ACCOUNTS
ADDED from AndroidManifest.xml:7:5
MERGED from com.github.asne:asne-googleplus:0.3.3:14:5
	android:name
		ADDED from AndroidManifest.xml:7:22
uses-permission#android.permission.USE_CREDENTIALS
ADDED from AndroidManifest.xml:8:5
MERGED from com.github.asne:asne-googleplus:0.3.3:15:5
	android:name
		ADDED from AndroidManifest.xml:8:22
uses-permission#android.permission.WRITE_EXTERNAL_STORAGE
ADDED from AndroidManifest.xml:9:5
	android:name
		ADDED from AndroidManifest.xml:9:22
uses-permission#android.permission.READ_EXTERNAL_STORAGE
ADDED from AndroidManifest.xml:10:5
MERGED from com.github.asne:asne-facebook:0.3.3:13:5
MERGED from com.github.asne:asne-core:0.3.3:14:5
MERGED from com.github.asne:asne-linkedin:0.3.3:13:5
MERGED from com.github.asne:asne-core:0.3.3:14:5
MERGED from com.github.asne:asne-twitter:0.3.3:13:5
MERGED from com.github.asne:asne-core:0.3.3:14:5
MERGED from com.github.asne:asne-googleplus:0.3.3:13:5
MERGED from com.github.asne:asne-core:0.3.3:14:5
	android:name
		ADDED from AndroidManifest.xml:10:22
application
ADDED from AndroidManifest.xml:12:5
MERGED from com.android.support:support-v4:22.2.0:22:5
MERGED from com.android.support:support-v4:22.2.0:22:5
MERGED from com.android.support:cardview-v7:22.2.0:22:5
MERGED from com.android.support:appcompat-v7:22.2.0:22:5
MERGED from com.android.support:support-v4:22.2.0:22:5
MERGED from com.github.asne:asne-facebook:0.3.3:15:5
MERGED from com.facebook.android:facebook-android-sdk:3.19.1:24:5
MERGED from com.android.support:support-v4:22.2.0:22:5
MERGED from com.github.asne:asne-core:0.3.3:16:5
MERGED from com.android.support:appcompat-v7:22.2.0:22:5
MERGED from com.android.support:support-v4:22.2.0:22:5
MERGED from com.android.support:appcompat-v7:22.2.0:22:5
MERGED from com.android.support:support-v4:22.2.0:22:5
MERGED from com.github.asne:asne-linkedin:0.3.3:15:5
MERGED from com.github.asne:asne-core:0.3.3:16:5
MERGED from com.android.support:appcompat-v7:22.2.0:22:5
MERGED from com.android.support:support-v4:22.2.0:22:5
MERGED from com.android.support:appcompat-v7:22.2.0:22:5
MERGED from com.android.support:support-v4:22.2.0:22:5
MERGED from com.github.asne:asne-twitter:0.3.3:15:5
MERGED from com.github.asne:asne-core:0.3.3:16:5
MERGED from com.android.support:appcompat-v7:22.2.0:22:5
MERGED from com.android.support:support-v4:22.2.0:22:5
MERGED from com.android.support:appcompat-v7:22.2.0:22:5
MERGED from com.android.support:support-v4:22.2.0:22:5
MERGED from com.github.asne:asne-googleplus:0.3.3:17:5
MERGED from com.android.support:support-v4:22.2.0:22:5
MERGED from com.github.asne:asne-core:0.3.3:16:5
MERGED from com.android.support:appcompat-v7:22.2.0:22:5
MERGED from com.android.support:support-v4:22.2.0:22:5
MERGED from com.android.support:appcompat-v7:22.2.0:22:5
MERGED from com.android.support:support-v4:22.2.0:22:5
MERGED from net.i2p.android.ext:floatingactionbutton:1.9.0:12:5
	android:label
		ADDED from AndroidManifest.xml:16:9
	android:allowBackup
		ADDED from AndroidManifest.xml:14:9
	android:icon
		ADDED from AndroidManifest.xml:15:9
	android:theme
		ADDED from AndroidManifest.xml:17:9
	android:name
		ADDED from AndroidManifest.xml:13:9
activity#com.example.jose.myapplication.LoginActivity
ADDED from AndroidManifest.xml:18:9
	android:label
		ADDED from AndroidManifest.xml:20:13
	android:name
		ADDED from AndroidManifest.xml:19:13
intent-filter#android.intent.action.MAIN+android.intent.category.LAUNCHER
ADDED from AndroidManifest.xml:21:13
action#android.intent.action.MAIN
ADDED from AndroidManifest.xml:22:17
	android:name
		ADDED from AndroidManifest.xml:22:25
category#android.intent.category.LAUNCHER
ADDED from AndroidManifest.xml:24:17
	android:name
		ADDED from AndroidManifest.xml:24:27
activity#com.example.jose.myapplication.RegisterActivity
ADDED from AndroidManifest.xml:27:9
	android:label
		ADDED from AndroidManifest.xml:29:13
	android:name
		ADDED from AndroidManifest.xml:28:13
activity#com.example.jose.myapplication.PrincipalActivity
ADDED from AndroidManifest.xml:31:9
	android:label
		ADDED from AndroidManifest.xml:33:13
	android:name
		ADDED from AndroidManifest.xml:32:13
meta-data#com.google.android.gms.version
ADDED from AndroidManifest.xml:35:9
	android:value
		ADDED from AndroidManifest.xml:37:13
	android:name
		ADDED from AndroidManifest.xml:36:13
meta-data#com.facebook.sdk.ApplicationId
ADDED from AndroidManifest.xml:38:9
	android:value
		ADDED from AndroidManifest.xml:40:13
	android:name
		ADDED from AndroidManifest.xml:39:13
uses-sdk
INJECTED from AndroidManifest.xml:0:0 reason: use-sdk injection requested
MERGED from com.android.support:support-v4:22.2.0:20:5
MERGED from com.android.support:recyclerview-v7:22.2.0:20:5
MERGED from com.android.support:support-v4:22.2.0:20:5
MERGED from com.android.support:cardview-v7:22.2.0:20:5
MERGED from com.android.support:appcompat-v7:22.2.0:20:5
MERGED from com.android.support:support-v4:22.2.0:20:5
MERGED from com.github.asne:asne-facebook:0.3.3:8:5
MERGED from com.facebook.android:facebook-android-sdk:3.19.1:20:5
MERGED from com.android.support:support-v4:22.2.0:20:5
MERGED from com.github.asne:asne-core:0.3.3:8:5
MERGED from com.android.support:appcompat-v7:22.2.0:20:5
MERGED from com.android.support:support-v4:22.2.0:20:5
MERGED from com.android.support:appcompat-v7:22.2.0:20:5
MERGED from com.android.support:support-v4:22.2.0:20:5
MERGED from com.github.asne:asne-linkedin:0.3.3:8:5
MERGED from com.github.asne:asne-core:0.3.3:8:5
MERGED from com.android.support:appcompat-v7:22.2.0:20:5
MERGED from com.android.support:support-v4:22.2.0:20:5
MERGED from com.android.support:appcompat-v7:22.2.0:20:5
MERGED from com.android.support:support-v4:22.2.0:20:5
MERGED from com.github.asne:asne-twitter:0.3.3:8:5
MERGED from com.github.asne:asne-core:0.3.3:8:5
MERGED from com.android.support:appcompat-v7:22.2.0:20:5
MERGED from com.android.support:support-v4:22.2.0:20:5
MERGED from com.android.support:appcompat-v7:22.2.0:20:5
MERGED from com.android.support:support-v4:22.2.0:20:5
MERGED from com.github.asne:asne-googleplus:0.3.3:8:5
MERGED from com.google.android.gms:play-services:4.3.23:7:5
MERGED from com.android.support:support-v4:22.2.0:20:5
MERGED from com.github.asne:asne-core:0.3.3:8:5
MERGED from com.android.support:appcompat-v7:22.2.0:20:5
MERGED from com.android.support:support-v4:22.2.0:20:5
MERGED from com.android.support:appcompat-v7:22.2.0:20:5
MERGED from com.android.support:support-v4:22.2.0:20:5
MERGED from net.i2p.android.ext:floatingactionbutton:1.9.0:8:5
	android:targetSdkVersion
		INJECTED from AndroidManifest.xml:0:0
		INJECTED from AndroidManifest.xml:0:0
	android:minSdkVersion
		INJECTED from AndroidManifest.xml:0:0
		INJECTED from AndroidManifest.xml:0:0
activity#com.facebook.LoginActivity
ADDED from com.github.asne:asne-facebook:0.3.3:16:9
	android:theme
		ADDED from com.github.asne:asne-facebook:0.3.3:18:13
	android:name
		ADDED from com.github.asne:asne-facebook:0.3.3:17:13
activity#com.github.gorbin.asne.core.OAuthActivity
ADDED from com.github.asne:asne-core:0.3.3:17:9
MERGED from com.github.asne:asne-core:0.3.3:17:9
MERGED from com.github.asne:asne-core:0.3.3:17:9
MERGED from com.github.asne:asne-core:0.3.3:17:9
	android:theme
		ADDED from com.github.asne:asne-core:0.3.3:19:13
	android:name
		ADDED from com.github.asne:asne-core:0.3.3:18:13